ERROR - 2021-08-03 22:46:39 --> Error connecting to the database: The server requested authentication method unknown to the client
CRITICAL - 2021-08-03 22:46:39 --> Unable to connect to the database.
Main connection [MySQLi]: The server requested authentication method unknown to the client
#0 E:\Kuliah\Skripsi\Project\sig-cagar\vendor\codeigniter4\framework\system\Database\BaseConnection.php(625): CodeIgniter\Database\BaseConnection->initialize()
#1 E:\Kuliah\Skripsi\Project\sig-cagar\vendor\codeigniter4\framework\system\Database\BaseBuilder.php(1881): CodeIgniter\Database\BaseConnection->query('SELECT *\nFROM `...', Array, false)
#2 E:\Kuliah\Skripsi\Project\sig-cagar\vendor\codeigniter4\framework\system\Model.php(197): CodeIgniter\Database\BaseBuilder->get()
#3 E:\Kuliah\Skripsi\Project\sig-cagar\vendor\codeigniter4\framework\system\BaseModel.php(603): CodeIgniter\Model->doFindAll(0, 0)
#4 E:\Kuliah\Skripsi\Project\sig-cagar\app\Controllers\Home.php(12): CodeIgniter\BaseModel->findAll()
#5 E:\Kuliah\Skripsi\Project\sig-cagar\vendor\codeigniter4\framework\system\CodeIgniter.php(928): App\Controllers\Home->index()
#6 E:\Kuliah\Skripsi\Project\sig-cagar\vendor\codeigniter4\framework\system\CodeIgniter.php(436): CodeIgniter\CodeIgniter->runController(Object(App\Controllers\Home))
#7 E:\Kuliah\Skripsi\Project\sig-cagar\vendor\codeigniter4\framework\system\CodeIgniter.php(336): CodeIgniter\CodeIgniter->handleRequest(NULL, Object(Config\Cache), false)
#8 E:\Kuliah\Skripsi\Project\sig-cagar\public\index.php(37): CodeIgniter\CodeIgniter->run()
#9 E:\Kuliah\Skripsi\Project\sig-cagar\vendor\codeigniter4\framework\system\Commands\Server\rewrite.php(45): require_once('E:\\Kuliah\\Skrip...')
#10 {main}
ERROR - 2021-08-03 22:46:43 --> Error connecting to the database: The server requested authentication method unknown to the client
CRITICAL - 2021-08-03 22:46:43 --> Unable to connect to the database.
Main connection [MySQLi]: The server requested authentication method unknown to the client
#0 E:\Kuliah\Skripsi\Project\sig-cagar\vendor\codeigniter4\framework\system\Database\BaseConnection.php(625): CodeIgniter\Database\BaseConnection->initialize()
#1 E:\Kuliah\Skripsi\Project\sig-cagar\vendor\codeigniter4\framework\system\Database\BaseBuilder.php(1881): CodeIgniter\Database\BaseConnection->query('SELECT *\nFROM `...', Array, false)
#2 E:\Kuliah\Skripsi\Project\sig-cagar\vendor\codeigniter4\framework\system\Model.php(197): CodeIgniter\Database\BaseBuilder->get()
#3 E:\Kuliah\Skripsi\Project\sig-cagar\vendor\codeigniter4\framework\system\BaseModel.php(603): CodeIgniter\Model->doFindAll(0, 0)
#4 E:\Kuliah\Skripsi\Project\sig-cagar\app\Controllers\Home.php(12): CodeIgniter\BaseModel->findAll()
#5 E:\Kuliah\Skripsi\Project\sig-cagar\vendor\codeigniter4\framework\system\CodeIgniter.php(928): App\Controllers\Home->index()
#6 E:\Kuliah\Skripsi\Project\sig-cagar\vendor\codeigniter4\framework\system\CodeIgniter.php(436): CodeIgniter\CodeIgniter->runController(Object(App\Controllers\Home))
#7 E:\Kuliah\Skripsi\Project\sig-cagar\vendor\codeigniter4\framework\system\CodeIgniter.php(336): CodeIgniter\CodeIgniter->handleRequest(NULL, Object(Config\Cache), false)
#8 E:\Kuliah\Skripsi\Project\sig-cagar\public\index.php(37): CodeIgniter\CodeIgniter->run()
#9 E:\Kuliah\Skripsi\Project\sig-cagar\vendor\codeigniter4\framework\system\Commands\Server\rewrite.php(45): require_once('E:\\Kuliah\\Skrip...')
#10 {main}
ERROR - 2021-08-03 22:46:55 --> Error connecting to the database: The server requested authentication method unknown to the client
CRITICAL - 2021-08-03 22:46:55 --> Unable to connect to the database.
Main connection [MySQLi]: The server requested authentication method unknown to the client
#0 E:\Kuliah\Skripsi\Project\sig-cagar\vendor\codeigniter4\framework\system\Database\BaseConnection.php(625): CodeIgniter\Database\BaseConnection->initialize()
#1 E:\Kuliah\Skripsi\Project\sig-cagar\vendor\codeigniter4\framework\system\Database\BaseBuilder.php(1881): CodeIgniter\Database\BaseConnection->query('SELECT *\nFROM `...', Array, false)
#2 E:\Kuliah\Skripsi\Project\sig-cagar\vendor\codeigniter4\framework\system\Model.php(197): CodeIgniter\Database\BaseBuilder->get()
#3 E:\Kuliah\Skripsi\Project\sig-cagar\vendor\codeigniter4\framework\system\BaseModel.php(603): CodeIgniter\Model->doFindAll(0, 0)
#4 E:\Kuliah\Skripsi\Project\sig-cagar\app\Controllers\Home.php(12): CodeIgniter\BaseModel->findAll()
#5 E:\Kuliah\Skripsi\Project\sig-cagar\vendor\codeigniter4\framework\system\CodeIgniter.php(928): App\Controllers\Home->index()
#6 E:\Kuliah\Skripsi\Project\sig-cagar\vendor\codeigniter4\framework\system\CodeIgniter.php(436): CodeIgniter\CodeIgniter->runController(Object(App\Controllers\Home))
#7 E:\Kuliah\Skripsi\Project\sig-cagar\vendor\codeigniter4\framework\system\CodeIgniter.php(336): CodeIgniter\CodeIgniter->handleRequest(NULL, Object(Config\Cache), false)
#8 E:\Kuliah\Skripsi\Project\sig-cagar\public\index.php(37): CodeIgniter\CodeIgniter->run()
#9 E:\Kuliah\Skripsi\Project\sig-cagar\vendor\codeigniter4\framework\system\Commands\Server\rewrite.php(45): require_once('E:\\Kuliah\\Skrip...')
#10 {main}
ERROR - 2021-08-03 22:50:36 --> Error connecting to the database: The server requested authentication method unknown to the client
CRITICAL - 2021-08-03 22:50:36 --> Unable to connect to the database.
Main connection [MySQLi]: The server requested authentication method unknown to the client
#0 E:\Kuliah\Skripsi\Project\sig-cagar\vendor\codeigniter4\framework\system\Database\BaseConnection.php(625): CodeIgniter\Database\BaseConnection->initialize()
#1 E:\Kuliah\Skripsi\Project\sig-cagar\vendor\codeigniter4\framework\system\Database\BaseBuilder.php(1881): CodeIgniter\Database\BaseConnection->query('SELECT *\nFROM `...', Array, false)
#2 E:\Kuliah\Skripsi\Project\sig-cagar\vendor\codeigniter4\framework\system\Model.php(197): CodeIgniter\Database\BaseBuilder->get()
#3 E:\Kuliah\Skripsi\Project\sig-cagar\vendor\codeigniter4\framework\system\BaseModel.php(603): CodeIgniter\Model->doFindAll(0, 0)
#4 E:\Kuliah\Skripsi\Project\sig-cagar\app\Controllers\Home.php(12): CodeIgniter\BaseModel->findAll()
#5 E:\Kuliah\Skripsi\Project\sig-cagar\vendor\codeigniter4\framework\system\CodeIgniter.php(928): App\Controllers\Home->index()
#6 E:\Kuliah\Skripsi\Project\sig-cagar\vendor\codeigniter4\framework\system\CodeIgniter.php(436): CodeIgniter\CodeIgniter->runController(Object(App\Controllers\Home))
#7 E:\Kuliah\Skripsi\Project\sig-cagar\vendor\codeigniter4\framework\system\CodeIgniter.php(336): CodeIgniter\CodeIgniter->handleRequest(NULL, Object(Config\Cache), false)
#8 E:\Kuliah\Skripsi\Project\sig-cagar\public\index.php(37): CodeIgniter\CodeIgniter->run()
#9 E:\Kuliah\Skripsi\Project\sig-cagar\vendor\codeigniter4\framework\system\Commands\Server\rewrite.php(45): require_once('E:\\Kuliah\\Skrip...')
#10 {main}
ERROR - 2021-08-03 22:50:39 --> Error connecting to the database: The server requested authentication method unknown to the client
CRITICAL - 2021-08-03 22:50:39 --> Unable to connect to the database.
Main connection [MySQLi]: The server requested authentication method unknown to the client
#0 E:\Kuliah\Skripsi\Project\sig-cagar\vendor\codeigniter4\framework\system\Database\BaseConnection.php(625): CodeIgniter\Database\BaseConnection->initialize()
#1 E:\Kuliah\Skripsi\Project\sig-cagar\vendor\codeigniter4\framework\system\Database\BaseBuilder.php(1881): CodeIgniter\Database\BaseConnection->query('SELECT *\nFROM `...', Array, false)
#2 E:\Kuliah\Skripsi\Project\sig-cagar\vendor\codeigniter4\framework\system\Model.php(197): CodeIgniter\Database\BaseBuilder->get()
#3 E:\Kuliah\Skripsi\Project\sig-cagar\vendor\codeigniter4\framework\system\BaseModel.php(603): CodeIgniter\Model->doFindAll(0, 0)
#4 E:\Kuliah\Skripsi\Project\sig-cagar\app\Controllers\Home.php(12): CodeIgniter\BaseModel->findAll()
#5 E:\Kuliah\Skripsi\Project\sig-cagar\vendor\codeigniter4\framework\system\CodeIgniter.php(928): App\Controllers\Home->index()
#6 E:\Kuliah\Skripsi\Project\sig-cagar\vendor\codeigniter4\framework\system\CodeIgniter.php(436): CodeIgniter\CodeIgniter->runController(Object(App\Controllers\Home))
#7 E:\Kuliah\Skripsi\Project\sig-cagar\vendor\codeigniter4\framework\system\CodeIgniter.php(336): CodeIgniter\CodeIgniter->handleRequest(NULL, Object(Config\Cache), false)
#8 E:\Kuliah\Skripsi\Project\sig-cagar\public\index.php(37): CodeIgniter\CodeIgniter->run()
#9 E:\Kuliah\Skripsi\Project\sig-cagar\vendor\codeigniter4\framework\system\Commands\Server\rewrite.php(45): require_once('E:\\Kuliah\\Skrip...')
#10 {main}
ERROR - 2021-08-03 22:50:41 --> Error connecting to the database: The server requested authentication method unknown to the client
CRITICAL - 2021-08-03 22:50:41 --> Unable to connect to the database.
Main connection [MySQLi]: The server requested authentication method unknown to the client
#0 E:\Kuliah\Skripsi\Project\sig-cagar\vendor\codeigniter4\framework\system\Database\BaseConnection.php(625): CodeIgniter\Database\BaseConnection->initialize()
#1 E:\Kuliah\Skripsi\Project\sig-cagar\vendor\codeigniter4\framework\system\Database\BaseBuilder.php(1881): CodeIgniter\Database\BaseConnection->query('SELECT *\nFROM `...', Array, false)
#2 E:\Kuliah\Skripsi\Project\sig-cagar\vendor\codeigniter4\framework\system\Model.php(197): CodeIgniter\Database\BaseBuilder->get()
#3 E:\Kuliah\Skripsi\Project\sig-cagar\vendor\codeigniter4\framework\system\BaseModel.php(603): CodeIgniter\Model->doFindAll(0, 0)
#4 E:\Kuliah\Skripsi\Project\sig-cagar\app\Controllers\Home.php(12): CodeIgniter\BaseModel->findAll()
#5 E:\Kuliah\Skripsi\Project\sig-cagar\vendor\codeigniter4\framework\system\CodeIgniter.php(928): App\Controllers\Home->index()
#6 E:\Kuliah\Skripsi\Project\sig-cagar\vendor\codeigniter4\framework\system\CodeIgniter.php(436): CodeIgniter\CodeIgniter->runController(Object(App\Controllers\Home))
#7 E:\Kuliah\Skripsi\Project\sig-cagar\vendor\codeigniter4\framework\system\CodeIgniter.php(336): CodeIgniter\CodeIgniter->handleRequest(NULL, Object(Config\Cache), false)
#8 E:\Kuliah\Skripsi\Project\sig-cagar\public\index.php(37): CodeIgniter\CodeIgniter->run()
#9 E:\Kuliah\Skripsi\Project\sig-cagar\vendor\codeigniter4\framework\system\Commands\Server\rewrite.php(45): require_once('E:\\Kuliah\\Skrip...')
#10 {main}
ERROR - 2021-08-03 22:51:25 --> Table 'sig.sig' doesn't exist
CRITICAL - 2021-08-03 22:51:25 --> Table 'sig.sig' doesn't exist
#0 E:\Kuliah\Skripsi\Project\sig-cagar\vendor\codeigniter4\framework\system\Database\MySQLi\Connection.php(329): mysqli->query('SELECT *\nFROM `...')
#1 E:\Kuliah\Skripsi\Project\sig-cagar\vendor\codeigniter4\framework\system\Database\BaseConnection.php(732): CodeIgniter\Database\MySQLi\Connection->execute('SELECT *\nFROM `...')
#2 E:\Kuliah\Skripsi\Project\sig-cagar\vendor\codeigniter4\framework\system\Database\BaseConnection.php(647): CodeIgniter\Database\BaseConnection->simpleQuery('SELECT *\nFROM `...')
#3 E:\Kuliah\Skripsi\Project\sig-cagar\vendor\codeigniter4\framework\system\Database\BaseBuilder.php(1881): CodeIgniter\Database\BaseConnection->query('SELECT *\nFROM `...', Array, false)
#4 E:\Kuliah\Skripsi\Project\sig-cagar\vendor\codeigniter4\framework\system\Model.php(197): CodeIgniter\Database\BaseBuilder->get()
#5 E:\Kuliah\Skripsi\Project\sig-cagar\vendor\codeigniter4\framework\system\BaseModel.php(603): CodeIgniter\Model->doFindAll(0, 0)
#6 E:\Kuliah\Skripsi\Project\sig-cagar\app\Controllers\Home.php(12): CodeIgniter\BaseModel->findAll()
#7 E:\Kuliah\Skripsi\Project\sig-cagar\vendor\codeigniter4\framework\system\CodeIgniter.php(928): App\Controllers\Home->index()
#8 E:\Kuliah\Skripsi\Project\sig-cagar\vendor\codeigniter4\framework\system\CodeIgniter.php(436): CodeIgniter\CodeIgniter->runController(Object(App\Controllers\Home))
#9 E:\Kuliah\Skripsi\Project\sig-cagar\vendor\codeigniter4\framework\system\CodeIgniter.php(336): CodeIgniter\CodeIgniter->handleRequest(NULL, Object(Config\Cache), false)
#10 E:\Kuliah\Skripsi\Project\sig-cagar\public\index.php(37): CodeIgniter\CodeIgniter->run()
#11 E:\Kuliah\Skripsi\Project\sig-cagar\vendor\codeigniter4\framework\system\Commands\Server\rewrite.php(45): require_once('E:\\Kuliah\\Skrip...')
#12 {main}
ERROR - 2021-08-03 22:53:02 --> Error connecting to the database: The server requested authentication method unknown to the client
CRITICAL - 2021-08-03 22:53:02 --> Unable to connect to the database.
Main connection [MySQLi]: The server requested authentication method unknown to the client
#0 E:\Kuliah\Skripsi\Project\sig-cagar\vendor\codeigniter4\framework\system\Database\BaseConnection.php(625): CodeIgniter\Database\BaseConnection->initialize()
#1 E:\Kuliah\Skripsi\Project\sig-cagar\vendor\codeigniter4\framework\system\Database\BaseBuilder.php(1881): CodeIgniter\Database\BaseConnection->query('SELECT *\nFROM `...', Array, false)
#2 E:\Kuliah\Skripsi\Project\sig-cagar\vendor\codeigniter4\framework\system\Model.php(197): CodeIgniter\Database\BaseBuilder->get()
#3 E:\Kuliah\Skripsi\Project\sig-cagar\vendor\codeigniter4\framework\system\BaseModel.php(603): CodeIgniter\Model->doFindAll(0, 0)
#4 E:\Kuliah\Skripsi\Project\sig-cagar\app\Controllers\Home.php(12): CodeIgniter\BaseModel->findAll()
#5 E:\Kuliah\Skripsi\Project\sig-cagar\vendor\codeigniter4\framework\system\CodeIgniter.php(928): App\Controllers\Home->index()
#6 E:\Kuliah\Skripsi\Project\sig-cagar\vendor\codeigniter4\framework\system\CodeIgniter.php(436): CodeIgniter\CodeIgniter->runController(Object(App\Controllers\Home))
#7 E:\Kuliah\Skripsi\Project\sig-cagar\vendor\codeigniter4\framework\system\CodeIgniter.php(336): CodeIgniter\CodeIgniter->handleRequest(NULL, Object(Config\Cache), false)
#8 E:\Kuliah\Skripsi\Project\sig-cagar\public\index.php(37): CodeIgniter\CodeIgniter->run()
#9 E:\Kuliah\Skripsi\Project\sig-cagar\vendor\codeigniter4\framework\system\Commands\Server\rewrite.php(45): require_once('E:\\Kuliah\\Skrip...')
#10 {main}
ERROR - 2021-08-03 22:53:18 --> Error connecting to the database: The server requested authentication method unknown to the client
CRITICAL - 2021-08-03 22:53:18 --> Unable to connect to the database.
Main connection [MySQLi]: The server requested authentication method unknown to the client
#0 E:\Kuliah\Skripsi\Project\sig-cagar\vendor\codeigniter4\framework\system\Database\BaseConnection.php(625): CodeIgniter\Database\BaseConnection->initialize()
#1 E:\Kuliah\Skripsi\Project\sig-cagar\vendor\codeigniter4\framework\system\Database\BaseBuilder.php(1881): CodeIgniter\Database\BaseConnection->query('SELECT *\nFROM `...', Array, false)
#2 E:\Kuliah\Skripsi\Project\sig-cagar\vendor\codeigniter4\framework\system\Model.php(197): CodeIgniter\Database\BaseBuilder->get()
#3 E:\Kuliah\Skripsi\Project\sig-cagar\vendor\codeigniter4\framework\system\BaseModel.php(603): CodeIgniter\Model->doFindAll(0, 0)
#4 E:\Kuliah\Skripsi\Project\sig-cagar\app\Controllers\Home.php(12): CodeIgniter\BaseModel->findAll()
#5 E:\Kuliah\Skripsi\Project\sig-cagar\vendor\codeigniter4\framework\system\CodeIgniter.php(928): App\Controllers\Home->index()
#6 E:\Kuliah\Skripsi\Project\sig-cagar\vendor\codeigniter4\framework\system\CodeIgniter.php(436): CodeIgniter\CodeIgniter->runController(Object(App\Controllers\Home))
#7 E:\Kuliah\Skripsi\Project\sig-cagar\vendor\codeigniter4\framework\system\CodeIgniter.php(336): CodeIgniter\CodeIgniter->handleRequest(NULL, Object(Config\Cache), false)
#8 E:\Kuliah\Skripsi\Project\sig-cagar\public\index.php(37): CodeIgniter\CodeIgniter->run()
#9 E:\Kuliah\Skripsi\Project\sig-cagar\vendor\codeigniter4\framework\system\Commands\Server\rewrite.php(45): require_once('E:\\Kuliah\\Skrip...')
#10 {main}
CRITICAL - 2021-08-03 23:35:16 --> Undefined variable: dataI
#0 E:\Kuliah\Skripsi\Project\sig-cagar\app\Views\pages\beranda.php(260): CodeIgniter\Debug\Exceptions->errorHandler(8, 'Undefined varia...', 'E:\\Kuliah\\Skrip...', 260, Array)
#1 E:\Kuliah\Skripsi\Project\sig-cagar\vendor\codeigniter4\framework\system\View\View.php(230): include('E:\\Kuliah\\Skrip...')
#2 E:\Kuliah\Skripsi\Project\sig-cagar\vendor\codeigniter4\framework\system\View\View.php(232): CodeIgniter\View\View->CodeIgniter\View\{closure}()
#3 E:\Kuliah\Skripsi\Project\sig-cagar\vendor\codeigniter4\framework\system\Common.php(1271): CodeIgniter\View\View->render('pages/beranda', Array, true)
#4 E:\Kuliah\Skripsi\Project\sig-cagar\app\Controllers\Home.php(23): view('pages/beranda', Array)
#5 E:\Kuliah\Skripsi\Project\sig-cagar\vendor\codeigniter4\framework\system\CodeIgniter.php(928): App\Controllers\Home->index()
#6 E:\Kuliah\Skripsi\Project\sig-cagar\vendor\codeigniter4\framework\system\CodeIgniter.php(436): CodeIgniter\CodeIgniter->runController(Object(App\Controllers\Home))
#7 E:\Kuliah\Skripsi\Project\sig-cagar\vendor\codeigniter4\framework\system\CodeIgniter.php(336): CodeIgniter\CodeIgniter->handleRequest(NULL, Object(Config\Cache), false)
#8 E:\Kuliah\Skripsi\Project\sig-cagar\public\index.php(37): CodeIgniter\CodeIgniter->run()
#9 E:\Kuliah\Skripsi\Project\sig-cagar\vendor\codeigniter4\framework\system\Commands\Server\rewrite.php(45): require_once('E:\\Kuliah\\Skrip...')
#10 {main}
