CRITICAL - 2021-09-04 04:02:54 --> Too few arguments to function App\Controllers\Admin::edit(), 0 passed in E:\Kuliah\Skripsi\Project\sig-cagar\vendor\codeigniter4\framework\system\CodeIgniter.php on line 928 and exactly 1 expected
#0 E:\Kuliah\Skripsi\Project\sig-cagar\vendor\codeigniter4\framework\system\CodeIgniter.php(928): App\Controllers\Admin->edit()
#1 E:\Kuliah\Skripsi\Project\sig-cagar\vendor\codeigniter4\framework\system\CodeIgniter.php(436): CodeIgniter\CodeIgniter->runController(Object(App\Controllers\Admin))
#2 E:\Kuliah\Skripsi\Project\sig-cagar\vendor\codeigniter4\framework\system\CodeIgniter.php(336): CodeIgniter\CodeIgniter->handleRequest(NULL, Object(Config\Cache), false)
#3 E:\Kuliah\Skripsi\Project\sig-cagar\public\index.php(37): CodeIgniter\CodeIgniter->run()
#4 E:\Kuliah\Skripsi\Project\sig-cagar\vendor\codeigniter4\framework\system\Commands\Server\rewrite.php(45): require_once('E:\\Kuliah\\Skrip...')
#5 {main}
CRITICAL - 2021-09-04 04:03:10 --> Too few arguments to function App\Controllers\Admin::hapus(), 0 passed in E:\Kuliah\Skripsi\Project\sig-cagar\vendor\codeigniter4\framework\system\CodeIgniter.php on line 928 and exactly 1 expected
#0 E:\Kuliah\Skripsi\Project\sig-cagar\vendor\codeigniter4\framework\system\CodeIgniter.php(928): App\Controllers\Admin->hapus()
#1 E:\Kuliah\Skripsi\Project\sig-cagar\vendor\codeigniter4\framework\system\CodeIgniter.php(436): CodeIgniter\CodeIgniter->runController(Object(App\Controllers\Admin))
#2 E:\Kuliah\Skripsi\Project\sig-cagar\vendor\codeigniter4\framework\system\CodeIgniter.php(336): CodeIgniter\CodeIgniter->handleRequest(NULL, Object(Config\Cache), false)
#3 E:\Kuliah\Skripsi\Project\sig-cagar\public\index.php(37): CodeIgniter\CodeIgniter->run()
#4 E:\Kuliah\Skripsi\Project\sig-cagar\vendor\codeigniter4\framework\system\Commands\Server\rewrite.php(45): require_once('E:\\Kuliah\\Skrip...')
#5 {main}
CRITICAL - 2021-09-04 04:03:26 --> Trying to access array offset on value of type null
#0 E:\Kuliah\Skripsi\Project\sig-cagar\app\Controllers\Admin.php(140): CodeIgniter\Debug\Exceptions->errorHandler(8, 'Trying to acces...', 'E:\\Kuliah\\Skrip...', 140, Array)
#1 E:\Kuliah\Skripsi\Project\sig-cagar\vendor\codeigniter4\framework\system\CodeIgniter.php(928): App\Controllers\Admin->hapus('22')
#2 E:\Kuliah\Skripsi\Project\sig-cagar\vendor\codeigniter4\framework\system\CodeIgniter.php(436): CodeIgniter\CodeIgniter->runController(Object(App\Controllers\Admin))
#3 E:\Kuliah\Skripsi\Project\sig-cagar\vendor\codeigniter4\framework\system\CodeIgniter.php(336): CodeIgniter\CodeIgniter->handleRequest(NULL, Object(Config\Cache), false)
#4 E:\Kuliah\Skripsi\Project\sig-cagar\public\index.php(37): CodeIgniter\CodeIgniter->run()
#5 E:\Kuliah\Skripsi\Project\sig-cagar\vendor\codeigniter4\framework\system\Commands\Server\rewrite.php(45): require_once('E:\\Kuliah\\Skrip...')
#6 {main}
ERROR - 2021-09-04 04:21:49 --> Error connecting to the database: Class 'SQLite3' not found
CRITICAL - 2021-09-04 04:50:07 --> Class name must be a valid object or a string
#0 E:\Kuliah\Skripsi\Project\sig-cagar\vendor\codeigniter4\framework\system\Config\BaseService.php(263): Myth\Auth\Config\Services::activator(Object(Myth\Auth\Config\Auth), false)
#1 E:\Kuliah\Skripsi\Project\sig-cagar\vendor\codeigniter4\framework\system\Config\BaseService.php(192): CodeIgniter\Config\BaseService::__callStatic('activator', Array)
#2 E:\Kuliah\Skripsi\Project\sig-cagar\vendor\myth\auth\src\Config\Services.php(86): CodeIgniter\Config\BaseService::getSharedInstance('activator', NULL)
#3 E:\Kuliah\Skripsi\Project\sig-cagar\vendor\codeigniter4\framework\system\Config\BaseService.php(263): Myth\Auth\Config\Services::activator()
#4 E:\Kuliah\Skripsi\Project\sig-cagar\vendor\codeigniter4\framework\system\Common.php(1084): CodeIgniter\Config\BaseService::__callStatic('activator', Array)
#5 E:\Kuliah\Skripsi\Project\sig-cagar\vendor\myth\auth\src\Controllers\AuthController.php(195): service('activator')
#6 E:\Kuliah\Skripsi\Project\sig-cagar\vendor\codeigniter4\framework\system\CodeIgniter.php(928): Myth\Auth\Controllers\AuthController->attemptRegister()
#7 E:\Kuliah\Skripsi\Project\sig-cagar\vendor\codeigniter4\framework\system\CodeIgniter.php(436): CodeIgniter\CodeIgniter->runController(Object(Myth\Auth\Controllers\AuthController))
#8 E:\Kuliah\Skripsi\Project\sig-cagar\vendor\codeigniter4\framework\system\CodeIgniter.php(336): CodeIgniter\CodeIgniter->handleRequest(NULL, Object(Config\Cache), false)
#9 E:\Kuliah\Skripsi\Project\sig-cagar\public\index.php(37): CodeIgniter\CodeIgniter->run()
#10 E:\Kuliah\Skripsi\Project\sig-cagar\vendor\codeigniter4\framework\system\Commands\Server\rewrite.php(45): require_once('E:\\Kuliah\\Skrip...')
#11 {main}
CRITICAL - 2021-09-04 05:00:41 --> Class name must be a valid object or a string
#0 E:\Kuliah\Skripsi\Project\sig-cagar\vendor\codeigniter4\framework\system\Config\BaseService.php(263): Myth\Auth\Config\Services::activator(Object(Myth\Auth\Config\Auth), false)
#1 E:\Kuliah\Skripsi\Project\sig-cagar\vendor\codeigniter4\framework\system\Config\BaseService.php(192): CodeIgniter\Config\BaseService::__callStatic('activator', Array)
#2 E:\Kuliah\Skripsi\Project\sig-cagar\vendor\myth\auth\src\Config\Services.php(86): CodeIgniter\Config\BaseService::getSharedInstance('activator', NULL)
#3 E:\Kuliah\Skripsi\Project\sig-cagar\vendor\codeigniter4\framework\system\Config\BaseService.php(263): Myth\Auth\Config\Services::activator()
#4 E:\Kuliah\Skripsi\Project\sig-cagar\vendor\codeigniter4\framework\system\Common.php(1084): CodeIgniter\Config\BaseService::__callStatic('activator', Array)
#5 E:\Kuliah\Skripsi\Project\sig-cagar\vendor\myth\auth\src\Controllers\AuthController.php(195): service('activator')
#6 E:\Kuliah\Skripsi\Project\sig-cagar\vendor\codeigniter4\framework\system\CodeIgniter.php(928): Myth\Auth\Controllers\AuthController->attemptRegister()
#7 E:\Kuliah\Skripsi\Project\sig-cagar\vendor\codeigniter4\framework\system\CodeIgniter.php(436): CodeIgniter\CodeIgniter->runController(Object(Myth\Auth\Controllers\AuthController))
#8 E:\Kuliah\Skripsi\Project\sig-cagar\vendor\codeigniter4\framework\system\CodeIgniter.php(336): CodeIgniter\CodeIgniter->handleRequest(NULL, Object(Config\Cache), false)
#9 E:\Kuliah\Skripsi\Project\sig-cagar\public\index.php(37): CodeIgniter\CodeIgniter->run()
#10 E:\Kuliah\Skripsi\Project\sig-cagar\vendor\codeigniter4\framework\system\Commands\Server\rewrite.php(45): require_once('E:\\Kuliah\\Skrip...')
#11 {main}
CRITICAL - 2021-09-04 05:01:58 --> Class name must be a valid object or a string
#0 E:\Kuliah\Skripsi\Project\sig-cagar\vendor\codeigniter4\framework\system\Config\BaseService.php(263): Myth\Auth\Config\Services::activator(Object(Myth\Auth\Config\Auth), false)
#1 E:\Kuliah\Skripsi\Project\sig-cagar\vendor\codeigniter4\framework\system\Config\BaseService.php(192): CodeIgniter\Config\BaseService::__callStatic('activator', Array)
#2 E:\Kuliah\Skripsi\Project\sig-cagar\vendor\myth\auth\src\Config\Services.php(86): CodeIgniter\Config\BaseService::getSharedInstance('activator', NULL)
#3 E:\Kuliah\Skripsi\Project\sig-cagar\vendor\codeigniter4\framework\system\Config\BaseService.php(263): Myth\Auth\Config\Services::activator()
#4 E:\Kuliah\Skripsi\Project\sig-cagar\vendor\codeigniter4\framework\system\Common.php(1084): CodeIgniter\Config\BaseService::__callStatic('activator', Array)
#5 E:\Kuliah\Skripsi\Project\sig-cagar\vendor\myth\auth\src\Controllers\AuthController.php(195): service('activator')
#6 E:\Kuliah\Skripsi\Project\sig-cagar\vendor\codeigniter4\framework\system\CodeIgniter.php(928): Myth\Auth\Controllers\AuthController->attemptRegister()
#7 E:\Kuliah\Skripsi\Project\sig-cagar\vendor\codeigniter4\framework\system\CodeIgniter.php(436): CodeIgniter\CodeIgniter->runController(Object(Myth\Auth\Controllers\AuthController))
#8 E:\Kuliah\Skripsi\Project\sig-cagar\vendor\codeigniter4\framework\system\CodeIgniter.php(336): CodeIgniter\CodeIgniter->handleRequest(NULL, Object(Config\Cache), false)
#9 E:\Kuliah\Skripsi\Project\sig-cagar\public\index.php(37): CodeIgniter\CodeIgniter->run()
#10 E:\Kuliah\Skripsi\Project\sig-cagar\vendor\codeigniter4\framework\system\Commands\Server\rewrite.php(45): require_once('E:\\Kuliah\\Skrip...')
#11 {main}
CRITICAL - 2021-09-04 05:05:49 --> Class name must be a valid object or a string
#0 E:\Kuliah\Skripsi\Project\sig-cagar\vendor\codeigniter4\framework\system\Config\BaseService.php(263): Myth\Auth\Config\Services::activator(Object(Myth\Auth\Config\Auth), false)
#1 E:\Kuliah\Skripsi\Project\sig-cagar\vendor\codeigniter4\framework\system\Config\BaseService.php(192): CodeIgniter\Config\BaseService::__callStatic('activator', Array)
#2 E:\Kuliah\Skripsi\Project\sig-cagar\vendor\myth\auth\src\Config\Services.php(86): CodeIgniter\Config\BaseService::getSharedInstance('activator', NULL)
#3 E:\Kuliah\Skripsi\Project\sig-cagar\vendor\codeigniter4\framework\system\Config\BaseService.php(263): Myth\Auth\Config\Services::activator()
#4 E:\Kuliah\Skripsi\Project\sig-cagar\vendor\codeigniter4\framework\system\Common.php(1084): CodeIgniter\Config\BaseService::__callStatic('activator', Array)
#5 E:\Kuliah\Skripsi\Project\sig-cagar\vendor\myth\auth\src\Controllers\AuthController.php(195): service('activator')
#6 E:\Kuliah\Skripsi\Project\sig-cagar\vendor\codeigniter4\framework\system\CodeIgniter.php(928): Myth\Auth\Controllers\AuthController->attemptRegister()
#7 E:\Kuliah\Skripsi\Project\sig-cagar\vendor\codeigniter4\framework\system\CodeIgniter.php(436): CodeIgniter\CodeIgniter->runController(Object(Myth\Auth\Controllers\AuthController))
#8 E:\Kuliah\Skripsi\Project\sig-cagar\vendor\codeigniter4\framework\system\CodeIgniter.php(336): CodeIgniter\CodeIgniter->handleRequest(NULL, Object(Config\Cache), false)
#9 E:\Kuliah\Skripsi\Project\sig-cagar\public\index.php(37): CodeIgniter\CodeIgniter->run()
#10 E:\Kuliah\Skripsi\Project\sig-cagar\vendor\codeigniter4\framework\system\Commands\Server\rewrite.php(45): require_once('E:\\Kuliah\\Skrip...')
#11 {main}
CRITICAL - 2021-09-04 08:22:48 --> Undefined variable: i
#0 E:\Kuliah\Skripsi\Project\sig-cagar\app\Views\pages\detail.php(187): CodeIgniter\Debug\Exceptions->errorHandler(8, 'Undefined varia...', 'E:\\Kuliah\\Skrip...', 187, Array)
#1 E:\Kuliah\Skripsi\Project\sig-cagar\vendor\codeigniter4\framework\system\View\View.php(230): include('E:\\Kuliah\\Skrip...')
#2 E:\Kuliah\Skripsi\Project\sig-cagar\vendor\codeigniter4\framework\system\View\View.php(232): CodeIgniter\View\View->CodeIgniter\View\{closure}()
#3 E:\Kuliah\Skripsi\Project\sig-cagar\vendor\codeigniter4\framework\system\Common.php(1271): CodeIgniter\View\View->render('pages/detail', Array, true)
#4 E:\Kuliah\Skripsi\Project\sig-cagar\app\Controllers\Cagar.php(30): view('pages/detail', Array)
#5 E:\Kuliah\Skripsi\Project\sig-cagar\vendor\codeigniter4\framework\system\CodeIgniter.php(928): App\Controllers\Cagar->detail('13')
#6 E:\Kuliah\Skripsi\Project\sig-cagar\vendor\codeigniter4\framework\system\CodeIgniter.php(436): CodeIgniter\CodeIgniter->runController(Object(App\Controllers\Cagar))
#7 E:\Kuliah\Skripsi\Project\sig-cagar\vendor\codeigniter4\framework\system\CodeIgniter.php(336): CodeIgniter\CodeIgniter->handleRequest(NULL, Object(Config\Cache), false)
#8 E:\Kuliah\Skripsi\Project\sig-cagar\public\index.php(37): CodeIgniter\CodeIgniter->run()
#9 E:\Kuliah\Skripsi\Project\sig-cagar\vendor\codeigniter4\framework\system\Commands\Server\rewrite.php(45): require_once('E:\\Kuliah\\Skrip...')
#10 {main}
CRITICAL - 2021-09-04 09:56:45 --> Trying to access array offset on value of type null
#0 E:\Kuliah\Skripsi\Project\sig-cagar\app\Views\admin\edit.php(39): CodeIgniter\Debug\Exceptions->errorHandler(8, 'Trying to acces...', 'E:\\Kuliah\\Skrip...', 39, Array)
#1 E:\Kuliah\Skripsi\Project\sig-cagar\vendor\codeigniter4\framework\system\View\View.php(230): include('E:\\Kuliah\\Skrip...')
#2 E:\Kuliah\Skripsi\Project\sig-cagar\vendor\codeigniter4\framework\system\View\View.php(232): CodeIgniter\View\View->CodeIgniter\View\{closure}()
#3 E:\Kuliah\Skripsi\Project\sig-cagar\vendor\codeigniter4\framework\system\Common.php(1271): CodeIgniter\View\View->render('admin/edit', Array, true)
#4 E:\Kuliah\Skripsi\Project\sig-cagar\app\Controllers\Admin.php(157): view('admin/edit', Array)
#5 E:\Kuliah\Skripsi\Project\sig-cagar\vendor\codeigniter4\framework\system\CodeIgniter.php(928): App\Controllers\Admin->edit('assets', 'img', 'logo1.jpg')
#6 E:\Kuliah\Skripsi\Project\sig-cagar\vendor\codeigniter4\framework\system\CodeIgniter.php(436): CodeIgniter\CodeIgniter->runController(Object(App\Controllers\Admin))
#7 E:\Kuliah\Skripsi\Project\sig-cagar\vendor\codeigniter4\framework\system\CodeIgniter.php(336): CodeIgniter\CodeIgniter->handleRequest(NULL, Object(Config\Cache), false)
#8 E:\Kuliah\Skripsi\Project\sig-cagar\public\index.php(37): CodeIgniter\CodeIgniter->run()
#9 E:\Kuliah\Skripsi\Project\sig-cagar\vendor\codeigniter4\framework\system\Commands\Server\rewrite.php(45): require_once('E:\\Kuliah\\Skrip...')
#10 {main}
CRITICAL - 2021-09-04 09:57:00 --> Trying to access array offset on value of type null
#0 E:\Kuliah\Skripsi\Project\sig-cagar\app\Views\admin\edit.php(39): CodeIgniter\Debug\Exceptions->errorHandler(8, 'Trying to acces...', 'E:\\Kuliah\\Skrip...', 39, Array)
#1 E:\Kuliah\Skripsi\Project\sig-cagar\vendor\codeigniter4\framework\system\View\View.php(230): include('E:\\Kuliah\\Skrip...')
#2 E:\Kuliah\Skripsi\Project\sig-cagar\vendor\codeigniter4\framework\system\View\View.php(232): CodeIgniter\View\View->CodeIgniter\View\{closure}()
#3 E:\Kuliah\Skripsi\Project\sig-cagar\vendor\codeigniter4\framework\system\Common.php(1271): CodeIgniter\View\View->render('admin/edit', Array, true)
#4 E:\Kuliah\Skripsi\Project\sig-cagar\app\Controllers\Admin.php(157): view('admin/edit', Array)
#5 E:\Kuliah\Skripsi\Project\sig-cagar\vendor\codeigniter4\framework\system\CodeIgniter.php(928): App\Controllers\Admin->edit('assets', 'img', 'logo1.png')
#6 E:\Kuliah\Skripsi\Project\sig-cagar\vendor\codeigniter4\framework\system\CodeIgniter.php(436): CodeIgniter\CodeIgniter->runController(Object(App\Controllers\Admin))
#7 E:\Kuliah\Skripsi\Project\sig-cagar\vendor\codeigniter4\framework\system\CodeIgniter.php(336): CodeIgniter\CodeIgniter->handleRequest(NULL, Object(Config\Cache), false)
#8 E:\Kuliah\Skripsi\Project\sig-cagar\public\index.php(37): CodeIgniter\CodeIgniter->run()
#9 E:\Kuliah\Skripsi\Project\sig-cagar\vendor\codeigniter4\framework\system\Commands\Server\rewrite.php(45): require_once('E:\\Kuliah\\Skrip...')
#10 {main}
CRITICAL - 2021-09-04 10:03:57 --> Call to a member function move() on null
#0 E:\Kuliah\Skripsi\Project\sig-cagar\vendor\codeigniter4\framework\system\CodeIgniter.php(928): App\Controllers\Admin->update('48')
#1 E:\Kuliah\Skripsi\Project\sig-cagar\vendor\codeigniter4\framework\system\CodeIgniter.php(436): CodeIgniter\CodeIgniter->runController(Object(App\Controllers\Admin))
#2 E:\Kuliah\Skripsi\Project\sig-cagar\vendor\codeigniter4\framework\system\CodeIgniter.php(336): CodeIgniter\CodeIgniter->handleRequest(NULL, Object(Config\Cache), false)
#3 E:\Kuliah\Skripsi\Project\sig-cagar\public\index.php(37): CodeIgniter\CodeIgniter->run()
#4 E:\Kuliah\Skripsi\Project\sig-cagar\vendor\codeigniter4\framework\system\Commands\Server\rewrite.php(45): require_once('E:\\Kuliah\\Skrip...')
#5 {main}
