CRITICAL - 2021-08-06 07:32:21 --> Undefined variable: titles
#0 E:\Kuliah\Skripsi\Project\sig-cagar\app\Views\pages\coba.php(101): CodeIgniter\Debug\Exceptions->errorHandler(8, 'Undefined varia...', 'E:\\Kuliah\\Skrip...', 101, Array)
#1 E:\Kuliah\Skripsi\Project\sig-cagar\vendor\codeigniter4\framework\system\View\View.php(230): include('E:\\Kuliah\\Skrip...')
#2 E:\Kuliah\Skripsi\Project\sig-cagar\vendor\codeigniter4\framework\system\View\View.php(232): CodeIgniter\View\View->CodeIgniter\View\{closure}()
#3 E:\Kuliah\Skripsi\Project\sig-cagar\vendor\codeigniter4\framework\system\Common.php(1271): CodeIgniter\View\View->render('pages/coba', Array, true)
#4 E:\Kuliah\Skripsi\Project\sig-cagar\app\Controllers\Cagar.php(25): view('pages/coba', Array)
#5 E:\Kuliah\Skripsi\Project\sig-cagar\vendor\codeigniter4\framework\system\CodeIgniter.php(928): App\Controllers\Cagar->detail('1')
#6 E:\Kuliah\Skripsi\Project\sig-cagar\vendor\codeigniter4\framework\system\CodeIgniter.php(436): CodeIgniter\CodeIgniter->runController(Object(App\Controllers\Cagar))
#7 E:\Kuliah\Skripsi\Project\sig-cagar\vendor\codeigniter4\framework\system\CodeIgniter.php(336): CodeIgniter\CodeIgniter->handleRequest(NULL, Object(Config\Cache), false)
#8 E:\Kuliah\Skripsi\Project\sig-cagar\public\index.php(37): CodeIgniter\CodeIgniter->run()
#9 E:\Kuliah\Skripsi\Project\sig-cagar\vendor\codeigniter4\framework\system\Commands\Server\rewrite.php(45): require_once('E:\\Kuliah\\Skrip...')
#10 {main}
CRITICAL - 2021-08-06 09:44:25 --> Undefined index: kabupaten
#0 E:\Kuliah\Skripsi\Project\sig-cagar\app\Views\pages\detail.php(135): CodeIgniter\Debug\Exceptions->errorHandler(8, 'Undefined index...', 'E:\\Kuliah\\Skrip...', 135, Array)
#1 E:\Kuliah\Skripsi\Project\sig-cagar\vendor\codeigniter4\framework\system\View\View.php(230): include('E:\\Kuliah\\Skrip...')
#2 E:\Kuliah\Skripsi\Project\sig-cagar\vendor\codeigniter4\framework\system\View\View.php(232): CodeIgniter\View\View->CodeIgniter\View\{closure}()
#3 E:\Kuliah\Skripsi\Project\sig-cagar\vendor\codeigniter4\framework\system\Common.php(1271): CodeIgniter\View\View->render('pages/detail', Array, true)
#4 E:\Kuliah\Skripsi\Project\sig-cagar\app\Controllers\Cagar.php(25): view('pages/detail', Array)
#5 E:\Kuliah\Skripsi\Project\sig-cagar\vendor\codeigniter4\framework\system\CodeIgniter.php(928): App\Controllers\Cagar->detail('10')
#6 E:\Kuliah\Skripsi\Project\sig-cagar\vendor\codeigniter4\framework\system\CodeIgniter.php(436): CodeIgniter\CodeIgniter->runController(Object(App\Controllers\Cagar))
#7 E:\Kuliah\Skripsi\Project\sig-cagar\vendor\codeigniter4\framework\system\CodeIgniter.php(336): CodeIgniter\CodeIgniter->handleRequest(NULL, Object(Config\Cache), false)
#8 E:\Kuliah\Skripsi\Project\sig-cagar\public\index.php(37): CodeIgniter\CodeIgniter->run()
#9 E:\Kuliah\Skripsi\Project\sig-cagar\vendor\codeigniter4\framework\system\Commands\Server\rewrite.php(45): require_once('E:\\Kuliah\\Skrip...')
#10 {main}
