CRITICAL - 2021-08-04 03:54:18 --> syntax error, unexpected ')', expecting '['
#0 E:\Kuliah\Skripsi\Project\sig-cagar\vendor\codeigniter4\framework\system\View\View.php(232): CodeIgniter\View\View->CodeIgniter\View\{closure}()
#1 E:\Kuliah\Skripsi\Project\sig-cagar\vendor\codeigniter4\framework\system\Common.php(1271): CodeIgniter\View\View->render('pages/detail', Array, true)
#2 E:\Kuliah\Skripsi\Project\sig-cagar\app\Controllers\Cagar.php(25): view('pages/detail', Array)
#3 E:\Kuliah\Skripsi\Project\sig-cagar\vendor\codeigniter4\framework\system\CodeIgniter.php(928): App\Controllers\Cagar->detail('2')
#4 E:\Kuliah\Skripsi\Project\sig-cagar\vendor\codeigniter4\framework\system\CodeIgniter.php(436): CodeIgniter\CodeIgniter->runController(Object(App\Controllers\Cagar))
#5 E:\Kuliah\Skripsi\Project\sig-cagar\vendor\codeigniter4\framework\system\CodeIgniter.php(336): CodeIgniter\CodeIgniter->handleRequest(NULL, Object(Config\Cache), false)
#6 E:\Kuliah\Skripsi\Project\sig-cagar\public\index.php(37): CodeIgniter\CodeIgniter->run()
#7 E:\Kuliah\Skripsi\Project\sig-cagar\vendor\codeigniter4\framework\system\Commands\Server\rewrite.php(45): require_once('E:\\Kuliah\\Skrip...')
#8 {main}
CRITICAL - 2021-08-04 03:58:12 --> syntax error, unexpected ';', expecting ']'
#0 E:\Kuliah\Skripsi\Project\sig-cagar\vendor\codeigniter4\framework\system\Autoloader\Autoloader.php(273): CodeIgniter\Autoloader\Autoloader->includeFile('E:\\Kuliah\\Skrip...')
#1 E:\Kuliah\Skripsi\Project\sig-cagar\vendor\codeigniter4\framework\system\Autoloader\Autoloader.php(247): CodeIgniter\Autoloader\Autoloader->loadInNamespace('App\\Controllers...')
#2 [internal function]: CodeIgniter\Autoloader\Autoloader->loadClass('App\\Controllers...')
#3 [internal function]: spl_autoload_call('App\\Controllers...')
#4 E:\Kuliah\Skripsi\Project\sig-cagar\vendor\codeigniter4\framework\system\CodeIgniter.php(885): class_exists('\\App\\Controller...', true)
#5 E:\Kuliah\Skripsi\Project\sig-cagar\vendor\codeigniter4\framework\system\CodeIgniter.php(421): CodeIgniter\CodeIgniter->startController()
#6 E:\Kuliah\Skripsi\Project\sig-cagar\vendor\codeigniter4\framework\system\CodeIgniter.php(336): CodeIgniter\CodeIgniter->handleRequest(NULL, Object(Config\Cache), false)
#7 E:\Kuliah\Skripsi\Project\sig-cagar\public\index.php(37): CodeIgniter\CodeIgniter->run()
#8 E:\Kuliah\Skripsi\Project\sig-cagar\vendor\codeigniter4\framework\system\Commands\Server\rewrite.php(45): require_once('E:\\Kuliah\\Skrip...')
#9 {main}
CRITICAL - 2021-08-04 03:59:19 --> syntax error, unexpected 'echo' (T_ECHO)
#0 E:\Kuliah\Skripsi\Project\sig-cagar\vendor\codeigniter4\framework\system\View\View.php(232): CodeIgniter\View\View->CodeIgniter\View\{closure}()
#1 E:\Kuliah\Skripsi\Project\sig-cagar\vendor\codeigniter4\framework\system\Common.php(1271): CodeIgniter\View\View->render('pages/detail', Array, true)
#2 E:\Kuliah\Skripsi\Project\sig-cagar\app\Controllers\Cagar.php(25): view('pages/detail', Array)
#3 E:\Kuliah\Skripsi\Project\sig-cagar\vendor\codeigniter4\framework\system\CodeIgniter.php(928): App\Controllers\Cagar->detail('1')
#4 E:\Kuliah\Skripsi\Project\sig-cagar\vendor\codeigniter4\framework\system\CodeIgniter.php(436): CodeIgniter\CodeIgniter->runController(Object(App\Controllers\Cagar))
#5 E:\Kuliah\Skripsi\Project\sig-cagar\vendor\codeigniter4\framework\system\CodeIgniter.php(336): CodeIgniter\CodeIgniter->handleRequest(NULL, Object(Config\Cache), false)
#6 E:\Kuliah\Skripsi\Project\sig-cagar\public\index.php(37): CodeIgniter\CodeIgniter->run()
#7 E:\Kuliah\Skripsi\Project\sig-cagar\vendor\codeigniter4\framework\system\Commands\Server\rewrite.php(45): require_once('E:\\Kuliah\\Skrip...')
#8 {main}
CRITICAL - 2021-08-04 04:00:41 --> Illegal string offset 'id_cagar'
#0 E:\Kuliah\Skripsi\Project\sig-cagar\app\Views\pages\detail.php(65): CodeIgniter\Debug\Exceptions->errorHandler(2, 'Illegal string ...', 'E:\\Kuliah\\Skrip...', 65, Array)
#1 E:\Kuliah\Skripsi\Project\sig-cagar\vendor\codeigniter4\framework\system\View\View.php(230): include('E:\\Kuliah\\Skrip...')
#2 E:\Kuliah\Skripsi\Project\sig-cagar\vendor\codeigniter4\framework\system\View\View.php(232): CodeIgniter\View\View->CodeIgniter\View\{closure}()
#3 E:\Kuliah\Skripsi\Project\sig-cagar\vendor\codeigniter4\framework\system\Common.php(1271): CodeIgniter\View\View->render('pages/detail', Array, true)
#4 E:\Kuliah\Skripsi\Project\sig-cagar\app\Controllers\Cagar.php(25): view('pages/detail', Array)
#5 E:\Kuliah\Skripsi\Project\sig-cagar\vendor\codeigniter4\framework\system\CodeIgniter.php(928): App\Controllers\Cagar->detail('1')
#6 E:\Kuliah\Skripsi\Project\sig-cagar\vendor\codeigniter4\framework\system\CodeIgniter.php(436): CodeIgniter\CodeIgniter->runController(Object(App\Controllers\Cagar))
#7 E:\Kuliah\Skripsi\Project\sig-cagar\vendor\codeigniter4\framework\system\CodeIgniter.php(336): CodeIgniter\CodeIgniter->handleRequest(NULL, Object(Config\Cache), false)
#8 E:\Kuliah\Skripsi\Project\sig-cagar\public\index.php(37): CodeIgniter\CodeIgniter->run()
#9 E:\Kuliah\Skripsi\Project\sig-cagar\vendor\codeigniter4\framework\system\Commands\Server\rewrite.php(45): require_once('E:\\Kuliah\\Skrip...')
#10 {main}
CRITICAL - 2021-08-04 04:04:16 --> Illegal string offset 'id'
#0 E:\Kuliah\Skripsi\Project\sig-cagar\app\Views\pages\detail.php(65): CodeIgniter\Debug\Exceptions->errorHandler(2, 'Illegal string ...', 'E:\\Kuliah\\Skrip...', 65, Array)
#1 E:\Kuliah\Skripsi\Project\sig-cagar\vendor\codeigniter4\framework\system\View\View.php(230): include('E:\\Kuliah\\Skrip...')
#2 E:\Kuliah\Skripsi\Project\sig-cagar\vendor\codeigniter4\framework\system\View\View.php(232): CodeIgniter\View\View->CodeIgniter\View\{closure}()
#3 E:\Kuliah\Skripsi\Project\sig-cagar\vendor\codeigniter4\framework\system\Common.php(1271): CodeIgniter\View\View->render('pages/detail', Array, true)
#4 E:\Kuliah\Skripsi\Project\sig-cagar\app\Controllers\Cagar.php(25): view('pages/detail', Array)
#5 E:\Kuliah\Skripsi\Project\sig-cagar\vendor\codeigniter4\framework\system\CodeIgniter.php(928): App\Controllers\Cagar->detail('1')
#6 E:\Kuliah\Skripsi\Project\sig-cagar\vendor\codeigniter4\framework\system\CodeIgniter.php(436): CodeIgniter\CodeIgniter->runController(Object(App\Controllers\Cagar))
#7 E:\Kuliah\Skripsi\Project\sig-cagar\vendor\codeigniter4\framework\system\CodeIgniter.php(336): CodeIgniter\CodeIgniter->handleRequest(NULL, Object(Config\Cache), false)
#8 E:\Kuliah\Skripsi\Project\sig-cagar\public\index.php(37): CodeIgniter\CodeIgniter->run()
#9 E:\Kuliah\Skripsi\Project\sig-cagar\vendor\codeigniter4\framework\system\Commands\Server\rewrite.php(45): require_once('E:\\Kuliah\\Skrip...')
#10 {main}
CRITICAL - 2021-08-04 04:04:36 --> Illegal string offset 'nama_cagar'
#0 E:\Kuliah\Skripsi\Project\sig-cagar\app\Views\pages\detail.php(71): CodeIgniter\Debug\Exceptions->errorHandler(2, 'Illegal string ...', 'E:\\Kuliah\\Skrip...', 71, Array)
#1 E:\Kuliah\Skripsi\Project\sig-cagar\vendor\codeigniter4\framework\system\View\View.php(230): include('E:\\Kuliah\\Skrip...')
#2 E:\Kuliah\Skripsi\Project\sig-cagar\vendor\codeigniter4\framework\system\View\View.php(232): CodeIgniter\View\View->CodeIgniter\View\{closure}()
#3 E:\Kuliah\Skripsi\Project\sig-cagar\vendor\codeigniter4\framework\system\Common.php(1271): CodeIgniter\View\View->render('pages/detail', Array, true)
#4 E:\Kuliah\Skripsi\Project\sig-cagar\app\Controllers\Cagar.php(25): view('pages/detail', Array)
#5 E:\Kuliah\Skripsi\Project\sig-cagar\vendor\codeigniter4\framework\system\CodeIgniter.php(928): App\Controllers\Cagar->detail('1')
#6 E:\Kuliah\Skripsi\Project\sig-cagar\vendor\codeigniter4\framework\system\CodeIgniter.php(436): CodeIgniter\CodeIgniter->runController(Object(App\Controllers\Cagar))
#7 E:\Kuliah\Skripsi\Project\sig-cagar\vendor\codeigniter4\framework\system\CodeIgniter.php(336): CodeIgniter\CodeIgniter->handleRequest(NULL, Object(Config\Cache), false)
#8 E:\Kuliah\Skripsi\Project\sig-cagar\public\index.php(37): CodeIgniter\CodeIgniter->run()
#9 E:\Kuliah\Skripsi\Project\sig-cagar\vendor\codeigniter4\framework\system\Commands\Server\rewrite.php(45): require_once('E:\\Kuliah\\Skrip...')
#10 {main}
CRITICAL - 2021-08-04 04:05:23 --> Array to string conversion
#0 E:\Kuliah\Skripsi\Project\sig-cagar\app\Models\dataModel.php(19): CodeIgniter\Debug\Exceptions->errorHandler(8, 'Array to string...', 'E:\\Kuliah\\Skrip...', 19, Array)
#1 E:\Kuliah\Skripsi\Project\sig-cagar\app\Controllers\Cagar.php(19): App\Models\dataModel->tampilData('1')
#2 E:\Kuliah\Skripsi\Project\sig-cagar\vendor\codeigniter4\framework\system\CodeIgniter.php(928): App\Controllers\Cagar->detail('1')
#3 E:\Kuliah\Skripsi\Project\sig-cagar\vendor\codeigniter4\framework\system\CodeIgniter.php(436): CodeIgniter\CodeIgniter->runController(Object(App\Controllers\Cagar))
#4 E:\Kuliah\Skripsi\Project\sig-cagar\vendor\codeigniter4\framework\system\CodeIgniter.php(336): CodeIgniter\CodeIgniter->handleRequest(NULL, Object(Config\Cache), false)
#5 E:\Kuliah\Skripsi\Project\sig-cagar\public\index.php(37): CodeIgniter\CodeIgniter->run()
#6 E:\Kuliah\Skripsi\Project\sig-cagar\vendor\codeigniter4\framework\system\Commands\Server\rewrite.php(45): require_once('E:\\Kuliah\\Skrip...')
#7 {main}
CRITICAL - 2021-08-04 04:11:28 --> Illegal string offset 'id_cagar'
#0 E:\Kuliah\Skripsi\Project\sig-cagar\app\Views\pages\detail.php(65): CodeIgniter\Debug\Exceptions->errorHandler(2, 'Illegal string ...', 'E:\\Kuliah\\Skrip...', 65, Array)
#1 E:\Kuliah\Skripsi\Project\sig-cagar\vendor\codeigniter4\framework\system\View\View.php(230): include('E:\\Kuliah\\Skrip...')
#2 E:\Kuliah\Skripsi\Project\sig-cagar\vendor\codeigniter4\framework\system\View\View.php(232): CodeIgniter\View\View->CodeIgniter\View\{closure}()
#3 E:\Kuliah\Skripsi\Project\sig-cagar\vendor\codeigniter4\framework\system\Common.php(1271): CodeIgniter\View\View->render('pages/detail', Array, true)
#4 E:\Kuliah\Skripsi\Project\sig-cagar\app\Controllers\Cagar.php(25): view('pages/detail', Array)
#5 E:\Kuliah\Skripsi\Project\sig-cagar\vendor\codeigniter4\framework\system\CodeIgniter.php(928): App\Controllers\Cagar->detail('1')
#6 E:\Kuliah\Skripsi\Project\sig-cagar\vendor\codeigniter4\framework\system\CodeIgniter.php(436): CodeIgniter\CodeIgniter->runController(Object(App\Controllers\Cagar))
#7 E:\Kuliah\Skripsi\Project\sig-cagar\vendor\codeigniter4\framework\system\CodeIgniter.php(336): CodeIgniter\CodeIgniter->handleRequest(NULL, Object(Config\Cache), false)
#8 E:\Kuliah\Skripsi\Project\sig-cagar\public\index.php(37): CodeIgniter\CodeIgniter->run()
#9 E:\Kuliah\Skripsi\Project\sig-cagar\vendor\codeigniter4\framework\system\Commands\Server\rewrite.php(45): require_once('E:\\Kuliah\\Skrip...')
#10 {main}
CRITICAL - 2021-08-04 04:11:56 --> Illegal string offset 'nama_cagar'
#0 E:\Kuliah\Skripsi\Project\sig-cagar\app\Views\pages\detail.php(65): CodeIgniter\Debug\Exceptions->errorHandler(2, 'Illegal string ...', 'E:\\Kuliah\\Skrip...', 65, Array)
#1 E:\Kuliah\Skripsi\Project\sig-cagar\vendor\codeigniter4\framework\system\View\View.php(230): include('E:\\Kuliah\\Skrip...')
#2 E:\Kuliah\Skripsi\Project\sig-cagar\vendor\codeigniter4\framework\system\View\View.php(232): CodeIgniter\View\View->CodeIgniter\View\{closure}()
#3 E:\Kuliah\Skripsi\Project\sig-cagar\vendor\codeigniter4\framework\system\Common.php(1271): CodeIgniter\View\View->render('pages/detail', Array, true)
#4 E:\Kuliah\Skripsi\Project\sig-cagar\app\Controllers\Cagar.php(25): view('pages/detail', Array)
#5 E:\Kuliah\Skripsi\Project\sig-cagar\vendor\codeigniter4\framework\system\CodeIgniter.php(928): App\Controllers\Cagar->detail('1')
#6 E:\Kuliah\Skripsi\Project\sig-cagar\vendor\codeigniter4\framework\system\CodeIgniter.php(436): CodeIgniter\CodeIgniter->runController(Object(App\Controllers\Cagar))
#7 E:\Kuliah\Skripsi\Project\sig-cagar\vendor\codeigniter4\framework\system\CodeIgniter.php(336): CodeIgniter\CodeIgniter->handleRequest(NULL, Object(Config\Cache), false)
#8 E:\Kuliah\Skripsi\Project\sig-cagar\public\index.php(37): CodeIgniter\CodeIgniter->run()
#9 E:\Kuliah\Skripsi\Project\sig-cagar\vendor\codeigniter4\framework\system\Commands\Server\rewrite.php(45): require_once('E:\\Kuliah\\Skrip...')
#10 {main}
CRITICAL - 2021-08-04 04:15:18 --> Undefined index: kabupaten
#0 E:\Kuliah\Skripsi\Project\sig-cagar\app\Views\pages\detail.php(96): CodeIgniter\Debug\Exceptions->errorHandler(8, 'Undefined index...', 'E:\\Kuliah\\Skrip...', 96, Array)
#1 E:\Kuliah\Skripsi\Project\sig-cagar\vendor\codeigniter4\framework\system\View\View.php(230): include('E:\\Kuliah\\Skrip...')
#2 E:\Kuliah\Skripsi\Project\sig-cagar\vendor\codeigniter4\framework\system\View\View.php(232): CodeIgniter\View\View->CodeIgniter\View\{closure}()
#3 E:\Kuliah\Skripsi\Project\sig-cagar\vendor\codeigniter4\framework\system\Common.php(1271): CodeIgniter\View\View->render('pages/detail', Array, true)
#4 E:\Kuliah\Skripsi\Project\sig-cagar\app\Controllers\Cagar.php(25): view('pages/detail', Array)
#5 E:\Kuliah\Skripsi\Project\sig-cagar\vendor\codeigniter4\framework\system\CodeIgniter.php(928): App\Controllers\Cagar->detail('1')
#6 E:\Kuliah\Skripsi\Project\sig-cagar\vendor\codeigniter4\framework\system\CodeIgniter.php(436): CodeIgniter\CodeIgniter->runController(Object(App\Controllers\Cagar))
#7 E:\Kuliah\Skripsi\Project\sig-cagar\vendor\codeigniter4\framework\system\CodeIgniter.php(336): CodeIgniter\CodeIgniter->handleRequest(NULL, Object(Config\Cache), false)
#8 E:\Kuliah\Skripsi\Project\sig-cagar\public\index.php(37): CodeIgniter\CodeIgniter->run()
#9 E:\Kuliah\Skripsi\Project\sig-cagar\vendor\codeigniter4\framework\system\Commands\Server\rewrite.php(45): require_once('E:\\Kuliah\\Skrip...')
#10 {main}
CRITICAL - 2021-08-04 04:30:16 --> Undefined index: lat
#0 E:\Kuliah\Skripsi\Project\sig-cagar\app\Views\pages\detail.php(5): CodeIgniter\Debug\Exceptions->errorHandler(8, 'Undefined index...', 'E:\\Kuliah\\Skrip...', 5, Array)
#1 E:\Kuliah\Skripsi\Project\sig-cagar\vendor\codeigniter4\framework\system\View\View.php(230): include('E:\\Kuliah\\Skrip...')
#2 E:\Kuliah\Skripsi\Project\sig-cagar\vendor\codeigniter4\framework\system\View\View.php(232): CodeIgniter\View\View->CodeIgniter\View\{closure}()
#3 E:\Kuliah\Skripsi\Project\sig-cagar\vendor\codeigniter4\framework\system\Common.php(1271): CodeIgniter\View\View->render('pages/detail', Array, true)
#4 E:\Kuliah\Skripsi\Project\sig-cagar\app\Controllers\Cagar.php(25): view('pages/detail', Array)
#5 E:\Kuliah\Skripsi\Project\sig-cagar\vendor\codeigniter4\framework\system\CodeIgniter.php(928): App\Controllers\Cagar->detail('2')
#6 E:\Kuliah\Skripsi\Project\sig-cagar\vendor\codeigniter4\framework\system\CodeIgniter.php(436): CodeIgniter\CodeIgniter->runController(Object(App\Controllers\Cagar))
#7 E:\Kuliah\Skripsi\Project\sig-cagar\vendor\codeigniter4\framework\system\CodeIgniter.php(336): CodeIgniter\CodeIgniter->handleRequest(NULL, Object(Config\Cache), false)
#8 E:\Kuliah\Skripsi\Project\sig-cagar\public\index.php(37): CodeIgniter\CodeIgniter->run()
#9 E:\Kuliah\Skripsi\Project\sig-cagar\vendor\codeigniter4\framework\system\Commands\Server\rewrite.php(45): require_once('E:\\Kuliah\\Skrip...')
#10 {main}
CRITICAL - 2021-08-04 08:11:53 --> Trying to access array offset on value of type null
#0 E:\Kuliah\Skripsi\Project\sig-cagar\app\Views\pages\detail.php(5): CodeIgniter\Debug\Exceptions->errorHandler(8, 'Trying to acces...', 'E:\\Kuliah\\Skrip...', 5, Array)
#1 E:\Kuliah\Skripsi\Project\sig-cagar\vendor\codeigniter4\framework\system\View\View.php(230): include('E:\\Kuliah\\Skrip...')
#2 E:\Kuliah\Skripsi\Project\sig-cagar\vendor\codeigniter4\framework\system\View\View.php(232): CodeIgniter\View\View->CodeIgniter\View\{closure}()
#3 E:\Kuliah\Skripsi\Project\sig-cagar\vendor\codeigniter4\framework\system\Common.php(1271): CodeIgniter\View\View->render('pages/detail', Array, true)
#4 E:\Kuliah\Skripsi\Project\sig-cagar\app\Controllers\Cagar.php(25): view('pages/detail', Array)
#5 E:\Kuliah\Skripsi\Project\sig-cagar\vendor\codeigniter4\framework\system\CodeIgniter.php(928): App\Controllers\Cagar->detail('detail1')
#6 E:\Kuliah\Skripsi\Project\sig-cagar\vendor\codeigniter4\framework\system\CodeIgniter.php(436): CodeIgniter\CodeIgniter->runController(Object(App\Controllers\Cagar))
#7 E:\Kuliah\Skripsi\Project\sig-cagar\vendor\codeigniter4\framework\system\CodeIgniter.php(336): CodeIgniter\CodeIgniter->handleRequest(NULL, Object(Config\Cache), false)
#8 E:\Kuliah\Skripsi\Project\sig-cagar\public\index.php(37): CodeIgniter\CodeIgniter->run()
#9 E:\Kuliah\Skripsi\Project\sig-cagar\vendor\codeigniter4\framework\system\Commands\Server\rewrite.php(45): require_once('E:\\Kuliah\\Skrip...')
#10 {main}
CRITICAL - 2021-08-04 10:06:41 --> Call to undefined method App\Models\dataModel::countAllResult
#0 E:\Kuliah\Skripsi\Project\sig-cagar\app\Models\dataModel.php(24): CodeIgniter\Model->__call('countAllResult', Array)
#1 E:\Kuliah\Skripsi\Project\sig-cagar\app\Controllers\Home.php(18): App\Models\dataModel->getVerif()
#2 E:\Kuliah\Skripsi\Project\sig-cagar\vendor\codeigniter4\framework\system\CodeIgniter.php(928): App\Controllers\Home->index()
#3 E:\Kuliah\Skripsi\Project\sig-cagar\vendor\codeigniter4\framework\system\CodeIgniter.php(436): CodeIgniter\CodeIgniter->runController(Object(App\Controllers\Home))
#4 E:\Kuliah\Skripsi\Project\sig-cagar\vendor\codeigniter4\framework\system\CodeIgniter.php(336): CodeIgniter\CodeIgniter->handleRequest(NULL, Object(Config\Cache), false)
#5 E:\Kuliah\Skripsi\Project\sig-cagar\public\index.php(37): CodeIgniter\CodeIgniter->run()
#6 E:\Kuliah\Skripsi\Project\sig-cagar\vendor\codeigniter4\framework\system\Commands\Server\rewrite.php(45): require_once('E:\\Kuliah\\Skrip...')
#7 {main}
CRITICAL - 2021-08-04 10:09:34 --> Call to undefined method App\Models\dataModel::countString
#0 E:\Kuliah\Skripsi\Project\sig-cagar\app\Models\dataModel.php(24): CodeIgniter\Model->__call('countString', Array)
#1 E:\Kuliah\Skripsi\Project\sig-cagar\app\Controllers\Home.php(18): App\Models\dataModel->getVerif()
#2 E:\Kuliah\Skripsi\Project\sig-cagar\vendor\codeigniter4\framework\system\CodeIgniter.php(928): App\Controllers\Home->index()
#3 E:\Kuliah\Skripsi\Project\sig-cagar\vendor\codeigniter4\framework\system\CodeIgniter.php(436): CodeIgniter\CodeIgniter->runController(Object(App\Controllers\Home))
#4 E:\Kuliah\Skripsi\Project\sig-cagar\vendor\codeigniter4\framework\system\CodeIgniter.php(336): CodeIgniter\CodeIgniter->handleRequest(NULL, Object(Config\Cache), false)
#5 E:\Kuliah\Skripsi\Project\sig-cagar\public\index.php(37): CodeIgniter\CodeIgniter->run()
#6 E:\Kuliah\Skripsi\Project\sig-cagar\vendor\codeigniter4\framework\system\Commands\Server\rewrite.php(45): require_once('E:\\Kuliah\\Skrip...')
#7 {main}
CRITICAL - 2021-08-04 10:17:10 --> Trying to access array offset on value of type bool
#0 E:\Kuliah\Skripsi\Project\sig-cagar\app\Models\dataModel.php(24): CodeIgniter\Debug\Exceptions->errorHandler(8, 'Trying to acces...', 'E:\\Kuliah\\Skrip...', 24, Array)
#1 E:\Kuliah\Skripsi\Project\sig-cagar\app\Controllers\Home.php(18): App\Models\dataModel->getVerif()
#2 E:\Kuliah\Skripsi\Project\sig-cagar\vendor\codeigniter4\framework\system\CodeIgniter.php(928): App\Controllers\Home->index()
#3 E:\Kuliah\Skripsi\Project\sig-cagar\vendor\codeigniter4\framework\system\CodeIgniter.php(436): CodeIgniter\CodeIgniter->runController(Object(App\Controllers\Home))
#4 E:\Kuliah\Skripsi\Project\sig-cagar\vendor\codeigniter4\framework\system\CodeIgniter.php(336): CodeIgniter\CodeIgniter->handleRequest(NULL, Object(Config\Cache), false)
#5 E:\Kuliah\Skripsi\Project\sig-cagar\public\index.php(37): CodeIgniter\CodeIgniter->run()
#6 E:\Kuliah\Skripsi\Project\sig-cagar\vendor\codeigniter4\framework\system\Commands\Server\rewrite.php(45): require_once('E:\\Kuliah\\Skrip...')
#7 {main}
CRITICAL - 2021-08-04 11:16:31 --> Invalid file: pages/detailcagar.php
#0 E:\Kuliah\Skripsi\Project\sig-cagar\vendor\codeigniter4\framework\system\View\View.php(213): CodeIgniter\Exceptions\FrameworkException::forInvalidFile('pages/detailcag...')
#1 E:\Kuliah\Skripsi\Project\sig-cagar\vendor\codeigniter4\framework\system\Common.php(1271): CodeIgniter\View\View->render('pages/detailcag...', Array, true)
#2 E:\Kuliah\Skripsi\Project\sig-cagar\app\Controllers\Cagar.php(25): view('pages/detailcag...', Array)
#3 E:\Kuliah\Skripsi\Project\sig-cagar\vendor\codeigniter4\framework\system\CodeIgniter.php(928): App\Controllers\Cagar->index('1')
#4 E:\Kuliah\Skripsi\Project\sig-cagar\vendor\codeigniter4\framework\system\CodeIgniter.php(436): CodeIgniter\CodeIgniter->runController(Object(App\Controllers\Cagar))
#5 E:\Kuliah\Skripsi\Project\sig-cagar\vendor\codeigniter4\framework\system\CodeIgniter.php(336): CodeIgniter\CodeIgniter->handleRequest(NULL, Object(Config\Cache), false)
#6 E:\Kuliah\Skripsi\Project\sig-cagar\public\index.php(37): CodeIgniter\CodeIgniter->run()
#7 E:\Kuliah\Skripsi\Project\sig-cagar\vendor\codeigniter4\framework\system\Commands\Server\rewrite.php(45): require_once('E:\\Kuliah\\Skrip...')
#8 {main}
